<?xml version="1.0" encoding="UTF-8"?>
<testsuite xmlns:xsi="http://www.w3.org/2001/XMLSchema-instance" xsi:noNamespaceSchemaLocation="https://maven.apache.org/surefire/maven-surefire-plugin/xsd/surefire-test-report.xsd" name="praktikum.tests.TestsCreateUser" time="12.242" tests="6" errors="0" skipped="0" failures="0">
  <properties>
[...]
</properties>
  <testcase name="createNewUserMissedPasswordIsFailed" classname="praktikum.tests.TestsCreateUser" time="0.421"/>
  <testcase name="createNewUserMissedEmailIsFailed" classname="praktikum.tests.TestsCreateUser" time="0.395"/>
  <testcase name="createNewSimilarUsersIsFailed" classname="praktikum.tests.TestsCreateUser" time="3.155"/>
  <testcase name="createNewUserIsSuccess" classname="praktikum.tests.TestsCreateUser" time="7.364"/>
  <testcase name="createNewUserMissedAllParamsIsFailed" classname="praktikum.tests.TestsCreateUser" time="0.447"/>
  <testcase name="createNewUserMissedNameIsFailed" classname="praktikum.tests.TestsCreateUser" time="0.453"/>
</testsuite>